#
# There is insufficient memory for the Java Runtime Environment to continue.
# Native memory allocation (mmap) failed to map 16252928 bytes for committing reserved memory.
# Possible reasons:
#   The system is out of physical RAM or swap space
#   In 32 bit mode, the process size limit was hit
# Possible solutions:
#   Reduce memory load on the system
#   Increase physical memory or swap space
#   Check if swap backing store is full
#   Use 64 bit Java on a 64 bit OS
#   Decrease Java heap size (-Xmx/-Xms)
#   Decrease number of Java threads
#   Decrease Java thread stack sizes (-Xss)
#   Set larger code cache with -XX:ReservedCodeCacheSize=
# This output file may be truncated or incomplete.
#
#  Out of Memory Error (os_linux.cpp:2746), pid=4740, tid=0x00007fbd650e9700
#
# JRE version: OpenJDK Runtime Environment (8.0_191-b12) (build 1.8.0_191-8u191-b12-2ubuntu0.16.04.1-b12)
# Java VM: OpenJDK 64-Bit Server VM (25.191-b12 mixed mode linux-amd64 compressed oops)
# Failed to write core dump. Core dumps have been disabled. To enable core dumping, try "ulimit -c unlimited" before starting Java again
#

---------------  T H R E A D  ---------------

Current thread (0x00007fbd6006e800):  VMThread [stack: 0x00007fbd64fe9000,0x00007fbd650ea000] [id=4742]

Stack: [0x00007fbd64fe9000,0x00007fbd650ea000],  sp=0x00007fbd650e8520,  free space=1021k
Native frames: (J=compiled Java code, j=interpreted, Vv=VM code, C=native code)
V  [libjvm.so+0xa7414b]
V  [libjvm.so+0x4c8ebc]
V  [libjvm.so+0x8c0c98]
V  [libjvm.so+0x8b82ce]
V  [libjvm.so+0xa70a34]
V  [libjvm.so+0x5ce2cd]
V  [libjvm.so+0x5cee6d]
V  [libjvm.so+0x5bb838]
V  [libjvm.so+0x45082f]
V  [libjvm.so+0xa75251]
V  [libjvm.so+0xa7af97]
V  [libjvm.so+0xa78697]
V  [libjvm.so+0xa79b1f]
V  [libjvm.so+0xa7a011]
V  [libjvm.so+0x8be002]

VM_Operation (0x00007fbd2f02e090): GenCollectForAllocation, mode: safepoint, requested by thread 0x00007fbd3c0c5000


---------------  P R O C E S S  ---------------

Java Threads: ( => current thread )
  0x00007fbd3c0c5000 JavaThread "Thread-4" [_thread_blocked, id=4762, stack(0x00007fbd2ef2f000,0x00007fbd2f030000)]
  0x00007fbd3c069800 JavaThread "Thread-3" [_thread_blocked, id=4759, stack(0x00007fbd2f030000,0x00007fbd2f131000)]
  0x00007fbd3c00f800 JavaThread "Thread-2" [_thread_blocked, id=4754, stack(0x00007fbd2f331000,0x00007fbd2f432000)]
  0x00007fbd6000a800 JavaThread "DestroyJavaVM" [_thread_blocked, id=4741, stack(0x00007fbd6962e000,0x00007fbd6972f000)]
  0x00007fbd34266000 JavaThread "AWT-EventQueue-0" [_thread_blocked, id=4753, stack(0x00007fbd2f432000,0x00007fbd2f533000)]
  0x00007fbd6025c000 JavaThread "AWT-Shutdown" [_thread_blocked, id=4752, stack(0x00007fbd2f533000,0x00007fbd2f634000)]
  0x00007fbd601e7800 JavaThread "AWT-XAWT" daemon [_thread_blocked, id=4751, stack(0x00007fbd330c4000,0x00007fbd331c5000)]
  0x00007fbd601c3000 JavaThread "Java2D Disposer" daemon [_thread_blocked, id=4750, stack(0x00007fbd335d5000,0x00007fbd336d6000)]
  0x00007fbd600b4800 JavaThread "Service Thread" daemon [_thread_blocked, id=4748, stack(0x00007fbd6470b000,0x00007fbd6480c000)]
  0x00007fbd600b1000 JavaThread "C1 CompilerThread1" daemon [_thread_blocked, id=4747, stack(0x00007fbd6480c000,0x00007fbd6490d000)]
  0x00007fbd600af000 JavaThread "C2 CompilerThread0" daemon [_thread_blocked, id=4746, stack(0x00007fbd6490d000,0x00007fbd64a0e000)]
  0x00007fbd600ad800 JavaThread "Signal Dispatcher" daemon [_thread_blocked, id=4745, stack(0x00007fbd64a0e000,0x00007fbd64b0f000)]
  0x00007fbd6007b000 JavaThread "Finalizer" daemon [_thread_blocked, id=4744, stack(0x00007fbd64de7000,0x00007fbd64ee8000)]
  0x00007fbd60078800 JavaThread "Reference Handler" daemon [_thread_blocked, id=4743, stack(0x00007fbd64ee8000,0x00007fbd64fe9000)]

Other Threads:
=>0x00007fbd6006e800 VMThread [stack: 0x00007fbd64fe9000,0x00007fbd650ea000] [id=4742]
  0x00007fbd600b7000 WatcherThread [stack: 0x00007fbd6460a000,0x00007fbd6470b000] [id=4749]

VM state:at safepoint (normal execution)

VM Mutex/Monitor currently owned by a thread:  ([mutex/lock_event])
[0x00007fbd60006e40] Threads_lock - owner thread: 0x00007fbd6006e800
[0x00007fbd60007340] Heap_lock - owner thread: 0x00007fbd3c0c5000

Heap:
 def new generation   total 9792K, used 1054K [0x00000000e0a00000, 0x00000000e14a0000, 0x00000000eb150000)
  eden space 8704K,  12% used [0x00000000e0a00000, 0x00000000e0b07b58, 0x00000000e1280000)
  from space 1088K,   0% used [0x00000000e1390000, 0x00000000e1390000, 0x00000000e14a0000)
  to   space 1088K,   0% used [0x00000000e1280000, 0x00000000e1280000, 0x00000000e1390000)
 tenured generation   total 23808K, used 23807K [0x00000000eb150000, 0x00000000ec890000, 0x0000000100000000)
   the space 23808K,  99% used [0x00000000eb150000, 0x00000000ec88ff90, 0x00000000ec890000, 0x00000000ec890000)
 Metaspace       used 13351K, capacity 13576K, committed 13824K, reserved 1060864K
  class space    used 1418K, capacity 1490K, committed 1536K, reserved 1048576K

Card table byte_map: [0x00007fbd65bd8000,0x00007fbd65cd4000] byte_map_base: 0x00007fbd654d3000

Polling page: 0x00007fbd6974b000

CodeCache: size=245760Kb used=6921Kb max_used=7082Kb free=238838Kb
 bounds [0x00007fbd51000000, 0x00007fbd51700000, 0x00007fbd60000000]
 total_blobs=2592 nmethods=2025 adapters=481
 compilation: enabled

Compilation events (10 events):
Event: 58.085 Thread 0x00007fbd600b1000 nmethod 2338 0x00007fbd512a6750 code [0x00007fbd512a68c0, 0x00007fbd512a6ad0]
Event: 58.256 Thread 0x00007fbd600af000 2339       4       Game::render (1880 bytes)
Event: 58.265 Thread 0x00007fbd600b1000 2340  s    3       java.awt.geom.Path2D::closePath (46 bytes)
Event: 58.274 Thread 0x00007fbd600b1000 nmethod 2340 0x00007fbd5149cad0 code [0x00007fbd5149cc60, 0x00007fbd5149d0a0]
Event: 58.274 Thread 0x00007fbd600b1000 2343       3       sun.java2d.loops.ProcessPath$ProcessHandler::<init> (15 bytes)
Event: 58.274 Thread 0x00007fbd600b1000 nmethod 2343 0x00007fbd5135c350 code [0x00007fbd5135c4c0, 0x00007fbd5135c690]
Event: 58.274 Thread 0x00007fbd600b1000 2341       3       sun.java2d.xr.XRRenderer$XRDrawHandler::validate (38 bytes)
Event: 58.276 Thread 0x00007fbd600b1000 nmethod 2341 0x00007fbd51387ed0 code [0x00007fbd51388080, 0x00007fbd51388860]
Event: 58.277 Thread 0x00007fbd600b1000 2342       3       sun.java2d.xr.XRRenderer::access$000 (6 bytes)
Event: 58.277 Thread 0x00007fbd600b1000 nmethod 2342 0x00007fbd513f4f90 code [0x00007fbd513f5100, 0x00007fbd513f5260]

GC Heap History (10 events):
Event: 23.740 GC heap after
Heap after GC invocations=8 (full 0):
 def new generation   total 9792K, used 1088K [0x00000000e0a00000, 0x00000000e14a0000, 0x00000000eb150000)
  eden space 8704K,   0% used [0x00000000e0a00000, 0x00000000e0a00000, 0x00000000e1280000)
  from space 1088K, 100% used [0x00000000e1280000, 0x00000000e1390000, 0x00000000e1390000)
  to   space 1088K,   0% used [0x00000000e1390000, 0x00000000e1390000, 0x00000000e14a0000)
 tenured generation   total 21888K, used 14648K [0x00000000eb150000, 0x00000000ec6b0000, 0x0000000100000000)
   the space 21888K,  66% used [0x00000000eb150000, 0x00000000ebf9e060, 0x00000000ebf9e200, 0x00000000ec6b0000)
 Metaspace       used 13069K, capacity 13300K, committed 13568K, reserved 1060864K
  class space    used 1411K, capacity 1488K, committed 1536K, reserved 1048576K
}
Event: 27.575 GC heap before
{Heap before GC invocations=8 (full 0):
 def new generation   total 9792K, used 9792K [0x00000000e0a00000, 0x00000000e14a0000, 0x00000000eb150000)
  eden space 8704K, 100% used [0x00000000e0a00000, 0x00000000e1280000, 0x00000000e1280000)
  from space 1088K, 100% used [0x00000000e1280000, 0x00000000e1390000, 0x00000000e1390000)
  to   space 1088K,   0% used [0x00000000e1390000, 0x00000000e1390000, 0x00000000e14a0000)
 tenured generation   total 21888K, used 14648K [0x00000000eb150000, 0x00000000ec6b0000, 0x0000000100000000)
   the space 21888K,  66% used [0x00000000eb150000, 0x00000000ebf9e060, 0x00000000ebf9e200, 0x00000000ec6b0000)
 Metaspace       used 13144K, capacity 13370K, committed 13568K, reserved 1060864K
  class space    used 1412K, capacity 1489K, committed 1536K, reserved 1048576K
Event: 27.651 GC heap after
Heap after GC invocations=9 (full 0):
 def new generation   total 9792K, used 1088K [0x00000000e0a00000, 0x00000000e14a0000, 0x00000000eb150000)
  eden space 8704K,   0% used [0x00000000e0a00000, 0x00000000e0a00000, 0x00000000e1280000)
  from space 1088K, 100% used [0x00000000e1390000, 0x00000000e14a0000, 0x00000000e14a0000)
  to   space 1088K,   0% used [0x00000000e1280000, 0x00000000e1280000, 0x00000000e1390000)
 tenured generation   total 21888K, used 16287K [0x00000000eb150000, 0x00000000ec6b0000, 0x0000000100000000)
   the space 21888K,  74% used [0x00000000eb150000, 0x00000000ec137c00, 0x00000000ec137c00, 0x00000000ec6b0000)
 Metaspace       used 13144K, capacity 13370K, committed 13568K, reserved 1060864K
  class space    used 1412K, capacity 1489K, committed 1536K, reserved 1048576K
}
Event: 33.989 GC heap before
{Heap before GC invocations=9 (full 0):
 def new generation   total 9792K, used 9792K [0x00000000e0a00000, 0x00000000e14a0000, 0x00000000eb150000)
  eden space 8704K, 100% used [0x00000000e0a00000, 0x00000000e1280000, 0x00000000e1280000)
  from space 1088K, 100% used [0x00000000e1390000, 0x00000000e14a0000, 0x00000000e14a0000)
  to   space 1088K,   0% used [0x00000000e1280000, 0x00000000e1280000, 0x00000000e1390000)
 tenured generation   total 21888K, used 16287K [0x00000000eb150000, 0x00000000ec6b0000, 0x0000000100000000)
   the space 21888K,  74% used [0x00000000eb150000, 0x00000000ec137c00, 0x00000000ec137c00, 0x00000000ec6b0000)
 Metaspace       used 13236K, capacity 13442K, committed 13568K, reserved 1060864K
  class space    used 1412K, capacity 1489K, committed 1536K, reserved 1048576K
Event: 34.021 GC heap after
Heap after GC invocations=10 (full 0):
 def new generation   total 9792K, used 570K [0x00000000e0a00000, 0x00000000e14a0000, 0x00000000eb150000)
  eden space 8704K,   0% used [0x00000000e0a00000, 0x00000000e0a00000, 0x00000000e1280000)
  from space 1088K,  52% used [0x00000000e1280000, 0x00000000e130e948, 0x00000000e1390000)
  to   space 1088K,   0% used [0x00000000e1390000, 0x00000000e1390000, 0x00000000e14a0000)
 tenured generation   total 21888K, used 17343K [0x00000000eb150000, 0x00000000ec6b0000, 0x0000000100000000)
   the space 21888K,  79% used [0x00000000eb150000, 0x00000000ec23ff28, 0x00000000ec240000, 0x00000000ec6b0000)
 Metaspace       used 13236K, capacity 13442K, committed 13568K, reserved 1060864K
  class space    used 1412K, capacity 1489K, committed 1536K, reserved 1048576K
}
Event: 52.030 GC heap before
{Heap before GC invocations=10 (full 0):
 def new generation   total 9792K, used 7850K [0x00000000e0a00000, 0x00000000e14a0000, 0x00000000eb150000)
  eden space 8704K,  83% used [0x00000000e0a00000, 0x00000000e111bfb0, 0x00000000e1280000)
  from space 1088K,  52% used [0x00000000e1280000, 0x00000000e130e948, 0x00000000e1390000)
  to   space 1088K,   0% used [0x00000000e1390000, 0x00000000e1390000, 0x00000000e14a0000)
 tenured generation   total 21888K, used 17343K [0x00000000eb150000, 0x00000000ec6b0000, 0x0000000100000000)
   the space 21888K,  79% used [0x00000000eb150000, 0x00000000ec23ff28, 0x00000000ec240000, 0x00000000ec6b0000)
 Metaspace       used 13297K, capacity 13506K, committed 13824K, reserved 1060864K
  class space    used 1417K, capacity 1489K, committed 1536K, reserved 1048576K
Event: 52.046 GC heap after
Heap after GC invocations=11 (full 0):
 def new generation   total 9792K, used 632K [0x00000000e0a00000, 0x00000000e14a0000, 0x00000000eb150000)
  eden space 8704K,   0% used [0x00000000e0a00000, 0x00000000e0a00000, 0x00000000e1280000)
  from space 1088K,  58% used [0x00000000e1390000, 0x00000000e142e1c8, 0x00000000e14a0000)
  to   space 1088K,   0% used [0x00000000e1280000, 0x00000000e1280000, 0x00000000e1390000)
 tenured generation   total 21888K, used 17811K [0x00000000eb150000, 0x00000000ec6b0000, 0x0000000100000000)
   the space 21888K,  81% used [0x00000000eb150000, 0x00000000ec2b4db8, 0x00000000ec2b4e00, 0x00000000ec6b0000)
 Metaspace       used 13297K, capacity 13506K, committed 13824K, reserved 1060864K
  class space    used 1417K, capacity 1489K, committed 1536K, reserved 1048576K
}
Event: 53.620 GC heap before
{Heap before GC invocations=11 (full 0):
 def new generation   total 9792K, used 9336K [0x00000000e0a00000, 0x00000000e14a0000, 0x00000000eb150000)
  eden space 8704K, 100% used [0x00000000e0a00000, 0x00000000e1280000, 0x00000000e1280000)
  from space 1088K,  58% used [0x00000000e1390000, 0x00000000e142e1c8, 0x00000000e14a0000)
  to   space 1088K,   0% used [0x00000000e1280000, 0x00000000e1280000, 0x00000000e1390000)
 tenured generation   total 21888K, used 17811K [0x00000000eb150000, 0x00000000ec6b0000, 0x0000000100000000)
   the space 21888K,  81% used [0x00000000eb150000, 0x00000000ec2b4db8, 0x00000000ec2b4e00, 0x00000000ec6b0000)
 Metaspace       used 13317K, capacity 13506K, committed 13824K, reserved 1060864K
  class space    used 1417K, capacity 1489K, committed 1536K, reserved 1048576K
Event: 53.643 GC heap after
Heap after GC invocations=12 (full 0):
 def new generation   total 9792K, used 792K [0x00000000e0a00000, 0x00000000e14a0000, 0x00000000eb150000)
  eden space 8704K,   0% used [0x00000000e0a00000, 0x00000000e0a00000, 0x00000000e1280000)
  from space 1088K,  72% used [0x00000000e1280000, 0x00000000e1346218, 0x00000000e1390000)
  to   space 1088K,   0% used [0x00000000e1390000, 0x00000000e1390000, 0x00000000e14a0000)
 tenured generation   total 21888K, used 21500K [0x00000000eb150000, 0x00000000ec6b0000, 0x0000000100000000)
   the space 21888K,  98% used [0x00000000eb150000, 0x00000000ec64f2e8, 0x00000000ec64f400, 0x00000000ec6b0000)
 Metaspace       used 13317K, capacity 13506K, committed 13824K, reserved 1060864K
  class space    used 1417K, capacity 1489K, committed 1536K, reserved 1048576K
}
Event: 58.523 GC heap before
{Heap before GC invocations=12 (full 0):
 def new generation   total 9792K, used 9496K [0x00000000e0a00000, 0x00000000e14a0000, 0x00000000eb150000)
  eden space 8704K, 100% used [0x00000000e0a00000, 0x00000000e1280000, 0x00000000e1280000)
  from space 1088K,  72% used [0x00000000e1280000, 0x00000000e1346218, 0x00000000e1390000)
  to   space 1088K,   0% used [0x00000000e1390000, 0x00000000e1390000, 0x00000000e14a0000)
 tenured generation   total 21888K, used 21500K [0x00000000eb150000, 0x00000000ec6b0000, 0x0000000100000000)
   the space 21888K,  98% used [0x00000000eb150000, 0x00000000ec64f2e8, 0x00000000ec64f400, 0x00000000ec6b0000)
 Metaspace       used 13351K, capacity 13576K, committed 13824K, reserved 1060864K
  class space    used 1418K, capacity 1490K, committed 1536K, reserved 1048576K

Deoptimization events (10 events):
Event: 22.673 Thread 0x00007fbd3c069800 Uncommon trap: reason=unstable_if action=reinterpret pc=0x00007fbd51594d5c method=Game.render()V @ 6
Event: 22.746 Thread 0x00007fbd3c069800 Uncommon trap: reason=unstable_if action=reinterpret pc=0x00007fbd51543088 method=sun.nio.ch.Util$BufferCache.get(I)Ljava/nio/ByteBuffer; @ 25
Event: 27.354 Thread 0x00007fbd3c069800 Uncommon trap: reason=unstable_if action=reinterpret pc=0x00007fbd5127835c method=EnemyMultiplayer.collision()V @ 52
Event: 32.572 Thread 0x00007fbd3c069800 Uncommon trap: reason=unstable_if action=reinterpret pc=0x00007fbd51577fa0 method=java.util.TimSort.countRunAndMakeAscending([Ljava/lang/Object;IILjava/util/Comparator;)I @ 95
Event: 38.040 Thread 0x00007fbd3c069800 Uncommon trap: reason=unstable_if action=reinterpret pc=0x00007fbd5127d270 method=Zelda.collision()V @ 562
Event: 38.183 Thread 0x00007fbd3c069800 Uncommon trap: reason=unstable_if action=reinterpret pc=0x00007fbd514582a4 method=Zelda.collision()V @ 562
Event: 38.965 Thread 0x00007fbd3c069800 Uncommon trap: reason=unstable_if action=reinterpret pc=0x00007fbd511c5a1c method=Game.render()V @ 1177
Event: 40.342 Thread 0x00007fbd3c069800 Uncommon trap: reason=unstable_if action=reinterpret pc=0x00007fbd5155e06c method=Game.tick()V @ 238
Event: 51.739 Thread 0x00007fbd34266000 Uncommon trap: reason=class_check action=maybe_recompile pc=0x00007fbd51167928 method=java.lang.String.equals(Ljava/lang/Object;)Z @ 8
Event: 56.071 Thread 0x00007fbd3c0c5000 Uncommon trap: reason=unstable_if action=reinterpret pc=0x00007fbd51565444 method=sun.nio.ch.Util$BufferCache.get(I)Ljava/nio/ByteBuffer; @ 25

Classes redefined (0 events):
No events

Internal exceptions (10 events):
Event: 1.649 Thread 0x00007fbd34266000 Exception <a 'java/lang/UnsupportedOperationException': > (0x00000000e0de8c58) thrown at [/build/openjdk-8-6jqSe7/openjdk-8-8u191-b12/src/hotspot/src/share/vm/prims/jni.cpp, line 735]
Event: 4.161 Thread 0x00007fbd34266000 Exception <a 'java/lang/UnsupportedOperationException': > (0x00000000e0d69dc8) thrown at [/build/openjdk-8-6jqSe7/openjdk-8-8u191-b12/src/hotspot/src/share/vm/prims/jni.cpp, line 735]
Event: 13.116 Thread 0x00007fbd3c00f800 Implicit null exception at 0x00007fbd514f4476 to 0x00007fbd514f723d
Event: 14.252 Thread 0x00007fbd34266000 Exception <a 'java/lang/UnsupportedOperationException': > (0x00000000e0eac900) thrown at [/build/openjdk-8-6jqSe7/openjdk-8-8u191-b12/src/hotspot/src/share/vm/prims/jni.cpp, line 735]
Event: 18.730 Thread 0x00007fbd34266000 Exception <a 'java/lang/UnsupportedOperationException': > (0x00000000e0ef6880) thrown at [/build/openjdk-8-6jqSe7/openjdk-8-8u191-b12/src/hotspot/src/share/vm/prims/jni.cpp, line 735]
Event: 22.673 Thread 0x00007fbd3c069800 Implicit null exception at 0x00007fbd51593d73 to 0x00007fbd51594d51
Event: 24.905 Thread 0x00007fbd34266000 Exception <a 'java/lang/UnsupportedOperationException': > (0x00000000e0ddce30) thrown at [/build/openjdk-8-6jqSe7/openjdk-8-8u191-b12/src/hotspot/src/share/vm/prims/jni.cpp, line 735]
Event: 48.946 Thread 0x00007fbd34266000 Exception <a 'java/lang/UnsupportedOperationException': > (0x00000000e10deff0) thrown at [/build/openjdk-8-6jqSe7/openjdk-8-8u191-b12/src/hotspot/src/share/vm/prims/jni.cpp, line 735]
Event: 53.474 Thread 0x00007fbd34266000 Exception <a 'java/lang/UnsupportedOperationException': > (0x00000000e1269ca0) thrown at [/build/openjdk-8-6jqSe7/openjdk-8-8u191-b12/src/hotspot/src/share/vm/prims/jni.cpp, line 735]
Event: 57.907 Thread 0x00007fbd34266000 Exception <a 'java/lang/UnsupportedOperationException': > (0x00000000e112d790) thrown at [/build/openjdk-8-6jqSe7/openjdk-8-8u191-b12/src/hotspot/src/share/vm/prims/jni.cpp, line 735]

Events (10 events):
Event: 57.963 Executing VM operation: BulkRevokeBias done
Event: 57.970 Executing VM operation: BulkRevokeBias
Event: 57.970 Executing VM operation: BulkRevokeBias done
Event: 58.001 Thread 0x00007fbd3c0c5000 DEOPT PACKING pc=0x00007fbd5168ce1d sp=0x00007fbd2f02e6c0
Event: 58.002 Thread 0x00007fbd3c0c5000 DEOPT UNPACKING pc=0x00007fbd510474c4 sp=0x00007fbd2f02e628 mode 0
Event: 58.191 Thread 0x00007fbd3c0c5000 DEOPT PACKING pc=0x00007fbd516ec993 sp=0x00007fbd2f02e840
Event: 58.195 Thread 0x00007fbd3c0c5000 DEOPT UNPACKING pc=0x00007fbd510474c4 sp=0x00007fbd2f02e648 mode 0
Event: 58.242 Thread 0x00007fbd3c0c5000 DEOPT PACKING pc=0x00007fbd5168ce1d sp=0x00007fbd2f02e6c0
Event: 58.242 Thread 0x00007fbd3c0c5000 DEOPT UNPACKING pc=0x00007fbd510474c4 sp=0x00007fbd2f02e628 mode 0
Event: 58.513 Executing VM operation: GenCollectForAllocation


Dynamic libraries:
00400000-00401000 r-xp 00000000 08:01 323542                             /usr/lib/jvm/java-8-openjdk-amd64/jre/bin/java
00600000-00601000 r--p 00000000 08:01 323542                             /usr/lib/jvm/java-8-openjdk-amd64/jre/bin/java
00601000-00602000 rw-p 00001000 08:01 323542                             /usr/lib/jvm/java-8-openjdk-amd64/jre/bin/java
017c9000-017ea000 rw-p 00000000 00:00 0                                  [heap]
e0a00000-e14a0000 rw-p 00000000 00:00 0 
e14a0000-eb150000 ---p 00000000 00:00 0 
eb150000-ec890000 rw-p 00000000 00:00 0 
ed810000-100000000 ---p 00000000 00:00 0 
100000000-100180000 rw-p 00000000 00:00 0 
100180000-140000000 ---p 00000000 00:00 0 
7fbd2ef2f000-7fbd2ef32000 ---p 00000000 00:00 0 
7fbd2ef32000-7fbd2f030000 rw-p 00000000 00:00 0 
7fbd2f030000-7fbd2f033000 ---p 00000000 00:00 0 
7fbd2f033000-7fbd2f331000 rw-p 00000000 00:00 0 
7fbd2f331000-7fbd2f334000 ---p 00000000 00:00 0 
7fbd2f334000-7fbd2f432000 rw-p 00000000 00:00 0 
7fbd2f432000-7fbd2f435000 ---p 00000000 00:00 0 
7fbd2f435000-7fbd2f533000 rw-p 00000000 00:00 0 
7fbd2f533000-7fbd2f536000 ---p 00000000 00:00 0 
7fbd2f536000-7fbd2f834000 rw-p 00000000 00:00 0 
7fbd2f834000-7fbd2f88b000 r-xp 00000000 08:01 5132                       /usr/lib/x86_64-linux-gnu/libjpeg.so.8.0.2
7fbd2f88b000-7fbd2fa8b000 ---p 00057000 08:01 5132                       /usr/lib/x86_64-linux-gnu/libjpeg.so.8.0.2
7fbd2fa8b000-7fbd2fa8c000 r--p 00057000 08:01 5132                       /usr/lib/x86_64-linux-gnu/libjpeg.so.8.0.2
7fbd2fa8c000-7fbd2fa8d000 rw-p 00058000 08:01 5132                       /usr/lib/x86_64-linux-gnu/libjpeg.so.8.0.2
7fbd2fa8d000-7fbd2fa97000 r-xp 00000000 08:01 323512                     /usr/lib/jvm/java-8-openjdk-amd64/jre/lib/amd64/libjavajpeg.so
7fbd2fa97000-7fbd2fc96000 ---p 0000a000 08:01 323512                     /usr/lib/jvm/java-8-openjdk-amd64/jre/lib/amd64/libjavajpeg.so
7fbd2fc96000-7fbd2fc97000 r--p 00009000 08:01 323512                     /usr/lib/jvm/java-8-openjdk-amd64/jre/lib/amd64/libjavajpeg.so
7fbd2fc97000-7fbd2fc98000 rw-p 0000a000 08:01 323512                     /usr/lib/jvm/java-8-openjdk-amd64/jre/lib/amd64/libjavajpeg.so
7fbd2fc98000-7fbd32c99000 rw-p 00000000 00:00 0 
7fbd32c99000-7fbd32cb0000 r-xp 00000000 08:01 323504                     /usr/lib/jvm/java-8-openjdk-amd64/jre/lib/amd64/libnet.so
7fbd32cb0000-7fbd32eaf000 ---p 00017000 08:01 323504                     /usr/lib/jvm/java-8-openjdk-amd64/jre/lib/amd64/libnet.so
7fbd32eaf000-7fbd32eb0000 r--p 00016000 08:01 323504                     /usr/lib/jvm/java-8-openjdk-amd64/jre/lib/amd64/libnet.so
7fbd32eb0000-7fbd32eb1000 rw-p 00017000 08:01 323504                     /usr/lib/jvm/java-8-openjdk-amd64/jre/lib/amd64/libnet.so
7fbd32eb1000-7fbd32ec2000 r-xp 00000000 08:01 323533                     /usr/lib/jvm/java-8-openjdk-amd64/jre/lib/amd64/libnio.so
7fbd32ec2000-7fbd330c2000 ---p 00011000 08:01 323533                     /usr/lib/jvm/java-8-openjdk-amd64/jre/lib/amd64/libnio.so
7fbd330c2000-7fbd330c3000 r--p 00011000 08:01 323533                     /usr/lib/jvm/java-8-openjdk-amd64/jre/lib/amd64/libnio.so
7fbd330c3000-7fbd330c4000 rw-p 00012000 08:01 323533                     /usr/lib/jvm/java-8-openjdk-amd64/jre/lib/amd64/libnio.so
7fbd330c4000-7fbd330c7000 ---p 00000000 00:00 0 
7fbd330c7000-7fbd331c5000 rw-p 00000000 00:00 0 
7fbd331c5000-7fbd331ca000 r-xp 00000000 08:01 13485                      /usr/lib/x86_64-linux-gnu/libXfixes.so.3.1.0
7fbd331ca000-7fbd333c9000 ---p 00005000 08:01 13485                      /usr/lib/x86_64-linux-gnu/libXfixes.so.3.1.0
7fbd333c9000-7fbd333ca000 r--p 00004000 08:01 13485                      /usr/lib/x86_64-linux-gnu/libXfixes.so.3.1.0
7fbd333ca000-7fbd333cb000 rw-p 00005000 08:01 13485                      /usr/lib/x86_64-linux-gnu/libXfixes.so.3.1.0
7fbd333cb000-7fbd333d4000 r-xp 00000000 08:01 4813                       /usr/lib/x86_64-linux-gnu/libXcursor.so.1.0.2
7fbd333d4000-7fbd335d3000 ---p 00009000 08:01 4813                       /usr/lib/x86_64-linux-gnu/libXcursor.so.1.0.2
7fbd335d3000-7fbd335d4000 r--p 00008000 08:01 4813                       /usr/lib/x86_64-linux-gnu/libXcursor.so.1.0.2
7fbd335d4000-7fbd335d5000 rw-p 00009000 08:01 4813                       /usr/lib/x86_64-linux-gnu/libXcursor.so.1.0.2
7fbd335d5000-7fbd335d8000 ---p 00000000 00:00 0 
7fbd335d8000-7fbd336d6000 rw-p 00000000 00:00 0 
7fbd336d6000-7fbd336fa000 r-xp 00000000 08:01 136660                     /lib/x86_64-linux-gnu/libpng12.so.0.54.0
7fbd336fa000-7fbd338f9000 ---p 00024000 08:01 136660                     /lib/x86_64-linux-gnu/libpng12.so.0.54.0
7fbd338f9000-7fbd338fa000 r--p 00023000 08:01 136660                     /lib/x86_64-linux-gnu/libpng12.so.0.54.0
7fbd338fa000-7fbd338fb000 rw-p 00024000 08:01 136660                     /lib/x86_64-linux-gnu/libpng12.so.0.54.0
7fbd338fb000-7fbd3399f000 r-xp 00000000 08:01 2586                       /usr/lib/x86_64-linux-gnu/libfreetype.so.6.12.1
7fbd3399f000-7fbd33b9e000 ---p 000a4000 08:01 2586                       /usr/lib/x86_64-linux-gnu/libfreetype.so.6.12.1
7fbd33b9e000-7fbd33ba4000 r--p 000a3000 08:01 2586                       /usr/lib/x86_64-linux-gnu/libfreetype.so.6.12.1
7fbd33ba4000-7fbd33ba5000 rw-p 000a9000 08:01 2586                       /usr/lib/x86_64-linux-gnu/libfreetype.so.6.12.1
7fbd33ba5000-7fbd33bf7000 r-xp 00000000 08:01 323525                     /usr/lib/jvm/java-8-openjdk-amd64/jre/lib/amd64/libfontmanager.so
7fbd33bf7000-7fbd33df7000 ---p 00052000 08:01 323525                     /usr/lib/jvm/java-8-openjdk-amd64/jre/lib/amd64/libfontmanager.so
7fbd33df7000-7fbd33df9000 r--p 00052000 08:01 323525                     /usr/lib/jvm/java-8-openjdk-amd64/jre/lib/amd64/libfontmanager.so
7fbd33df9000-7fbd33dfa000 rw-p 00054000 08:01 323525                     /usr/lib/jvm/java-8-openjdk-amd64/jre/lib/amd64/libfontmanager.so
7fbd33dfa000-7fbd33dff000 r-xp 00000000 08:01 13481                      /usr/lib/x86_64-linux-gnu/libXdmcp.so.6.0.0
7fbd33dff000-7fbd33ffe000 ---p 00005000 08:01 13481                      /usr/lib/x86_64-linux-gnu/libXdmcp.so.6.0.0
7fbd33ffe000-7fbd33fff000 r--p 00004000 08:01 13481                      /usr/lib/x86_64-linux-gnu/libXdmcp.so.6.0.0
7fbd33fff000-7fbd34000000 rw-p 00005000 08:01 13481                      /usr/lib/x86_64-linux-gnu/libXdmcp.so.6.0.0
7fbd34000000-7fbd34940000 rw-p 00000000 00:00 0 
7fbd34940000-7fbd38000000 ---p 00000000 00:00 0 
7fbd38000000-7fbd38021000 rw-p 00000000 00:00 0 
7fbd38021000-7fbd3c000000 ---p 00000000 00:00 0 
7fbd3c000000-7fbd3c118000 rw-p 00000000 00:00 0 
7fbd3c118000-7fbd40000000 ---p 00000000 00:00 0 
7fbd40000000-7fbd40cad000 rw-p 00000000 00:00 0 
7fbd40cad000-7fbd44000000 ---p 00000000 00:00 0 
7fbd44000000-7fbd44021000 rw-p 00000000 00:00 0 
7fbd44021000-7fbd48000000 ---p 00000000 00:00 0 
7fbd48000000-7fbd48f9d000 rw-p 00000000 00:00 0 
7fbd48f9d000-7fbd4c000000 ---p 00000000 00:00 0 
7fbd4c000000-7fbd4cbf9000 rw-p 00000000 00:00 0 
7fbd4cbf9000-7fbd50000000 ---p 00000000 00:00 0 
7fbd50042000-7fbd5004d000 r--s 00000000 08:01 400243                     /var/cache/fontconfig/945677eb7aeaf62f1d50efc3fb3ec7d8-le64.cache-6
7fbd5004d000-7fbd50053000 r--s 00000000 08:01 400199                     /var/cache/fontconfig/2cd17615ca594fa2959ae173292e504c-le64.cache-6
7fbd50053000-7fbd50054000 r--s 00000000 08:01 399947                     /var/cache/fontconfig/0d8c3b2ac0904cb8a57a757ad11a4a08-le64.cache-6
7fbd50054000-7fbd50069000 r--s 00000000 08:01 399946                     /var/cache/fontconfig/04aabc0a78ac019cf9454389977116d2-le64.cache-6
7fbd50069000-7fbd5006a000 r--s 00000000 08:01 399945                     /var/cache/fontconfig/1ac9eb803944fde146138c791f5cc56a-le64.cache-6
7fbd5006a000-7fbd5006e000 r--s 00000000 08:01 399944                     /var/cache/fontconfig/385c0604a188198f04d133e54aba7fe7-le64.cache-6
7fbd5006e000-7fbd50070000 r-xp 00000000 08:01 13470                      /usr/lib/x86_64-linux-gnu/libXau.so.6.0.0
7fbd50070000-7fbd50270000 ---p 00002000 08:01 13470                      /usr/lib/x86_64-linux-gnu/libXau.so.6.0.0
7fbd50270000-7fbd50271000 r--p 00002000 08:01 13470                      /usr/lib/x86_64-linux-gnu/libXau.so.6.0.0
7fbd50271000-7fbd50272000 rw-p 00003000 08:01 13470                      /usr/lib/x86_64-linux-gnu/libXau.so.6.0.0
7fbd50272000-7fbd50293000 r-xp 00000000 08:01 14848                      /usr/lib/x86_64-linux-gnu/libxcb.so.1.1.0
7fbd50293000-7fbd50492000 ---p 00021000 08:01 14848                      /usr/lib/x86_64-linux-gnu/libxcb.so.1.1.0
7fbd50492000-7fbd50493000 r--p 00020000 08:01 14848                      /usr/lib/x86_64-linux-gnu/libxcb.so.1.1.0
7fbd50493000-7fbd50494000 rw-p 00021000 08:01 14848                      /usr/lib/x86_64-linux-gnu/libxcb.so.1.1.0
7fbd50494000-7fbd504a3000 r-xp 00000000 08:01 13491                      /usr/lib/x86_64-linux-gnu/libXi.so.6.1.0
7fbd504a3000-7fbd506a2000 ---p 0000f000 08:01 13491                      /usr/lib/x86_64-linux-gnu/libXi.so.6.1.0
7fbd506a2000-7fbd506a3000 r--p 0000e000 08:01 13491                      /usr/lib/x86_64-linux-gnu/libXi.so.6.1.0
7fbd506a3000-7fbd506a4000 rw-p 0000f000 08:01 13491                      /usr/lib/x86_64-linux-gnu/libXi.so.6.1.0
7fbd506a4000-7fbd506a9000 r-xp 00000000 08:01 13509                      /usr/lib/x86_64-linux-gnu/libXtst.so.6.1.0
7fbd506a9000-7fbd508a8000 ---p 00005000 08:01 13509                      /usr/lib/x86_64-linux-gnu/libXtst.so.6.1.0
7fbd508a8000-7fbd508a9000 r--p 00004000 08:01 13509                      /usr/lib/x86_64-linux-gnu/libXtst.so.6.1.0
7fbd508a9000-7fbd508aa000 rw-p 00005000 08:01 13509                      /usr/lib/x86_64-linux-gnu/libXtst.so.6.1.0
7fbd508aa000-7fbd508b3000 r-xp 00000000 08:01 13503                      /usr/lib/x86_64-linux-gnu/libXrender.so.1.3.0
7fbd508b3000-7fbd50ab2000 ---p 00009000 08:01 13503                      /usr/lib/x86_64-linux-gnu/libXrender.so.1.3.0
7fbd50ab2000-7fbd50ab3000 r--p 00008000 08:01 13503                      /usr/lib/x86_64-linux-gnu/libXrender.so.1.3.0
7fbd50ab3000-7fbd50ab4000 rw-p 00009000 08:01 13503                      /usr/lib/x86_64-linux-gnu/libXrender.so.1.3.0
7fbd50ab4000-7fbd50be9000 r-xp 00000000 08:01 18310                      /usr/lib/x86_64-linux-gnu/libX11.so.6.3.0
7fbd50be9000-7fbd50de9000 ---p 00135000 08:01 18310                      /usr/lib/x86_64-linux-gnu/libX11.so.6.3.0
7fbd50de9000-7fbd50dea000 r--p 00135000 08:01 18310                      /usr/lib/x86_64-linux-gnu/libX11.so.6.3.0
7fbd50dea000-7fbd50dee000 rw-p 00136000 08:01 18310                      /usr/lib/x86_64-linux-gnu/libX11.so.6.3.0
7fbd50dee000-7fbd50dff000 r-xp 00000000 08:01 13483                      /usr/lib/x86_64-linux-gnu/libXext.so.6.4.0
7fbd50dff000-7fbd50ffe000 ---p 00011000 08:01 13483                      /usr/lib/x86_64-linux-gnu/libXext.so.6.4.0
7fbd50ffe000-7fbd50fff000 r--p 00010000 08:01 13483                      /usr/lib/x86_64-linux-gnu/libXext.so.6.4.0
7fbd50fff000-7fbd51000000 rw-p 00011000 08:01 13483                      /usr/lib/x86_64-linux-gnu/libXext.so.6.4.0
7fbd51000000-7fbd51700000 rwxp 00000000 00:00 0 
7fbd51700000-7fbd60000000 ---p 00000000 00:00 0 
7fbd60000000-7fbd60392000 rw-p 00000000 00:00 0 
7fbd60392000-7fbd64000000 ---p 00000000 00:00 0 
7fbd64000000-7fbd64001000 r--s 00000000 08:01 399657                     /var/cache/fontconfig/dc05db6664285cc2f12bf69c139ae4c3-le64.cache-6
7fbd64001000-7fbd64004000 r--s 00000000 08:01 396726                     /var/cache/fontconfig/767a8244fc0220cfb567a839d0392e0b-le64.cache-6
7fbd64004000-7fbd64005000 r--s 00000000 08:01 399656                     /var/cache/fontconfig/4794a0821666d79190d59a36cb4f44b5-le64.cache-6
7fbd64005000-7fbd6400a000 r--s 00000000 08:01 399653                     /var/cache/fontconfig/8801497958630a81b71ace7c5f9b32a8-le64.cache-6
7fbd6400a000-7fbd6400b000 r--s 00000000 08:01 399580                     /var/cache/fontconfig/bab58bb527bb656aaa9f116d68a48d89-le64.cache-6
7fbd6400b000-7fbd64012000 r--s 00000000 08:01 398434                     /var/cache/fontconfig/3047814df9a2f067bd2d96a2b9c36e5a-le64.cache-6
7fbd64012000-7fbd64013000 r--s 00000000 08:01 396861                     /var/cache/fontconfig/56cf4f4769d0f4abc89a4895d7bd3ae1-le64.cache-6
7fbd64013000-7fbd64014000 r--s 00000000 08:01 396860                     /var/cache/fontconfig/b9d506c9ac06c20b433354fa67a72993-le64.cache-6
7fbd64014000-7fbd6401a000 r--s 00000000 08:01 396859                     /var/cache/fontconfig/b47c4e1ecd0709278f4910c18777a504-le64.cache-6
7fbd6401a000-7fbd6402d000 r--s 00000000 08:01 396858                     /var/cache/fontconfig/d52a8644073d54c13679302ca1180695-le64.cache-6
7fbd6402d000-7fbd6402e000 r--s 00000000 08:01 396857                     /var/cache/fontconfig/551ecf3b0e8b0bca0f25c0944f561853-le64.cache-6
7fbd6402e000-7fbd64039000 r--s 00000000 08:01 396853                     /var/cache/fontconfig/d589a48862398ed80a3d6066f4f56f4c-le64.cache-6
7fbd64039000-7fbd6403c000 r--s 00000000 08:01 396811                     /var/cache/fontconfig/75114ca45c98e8a441da0ff356701271-le64.cache-6
7fbd6403c000-7fbd64047000 r--s 00000000 08:01 396810                     /var/cache/fontconfig/83bf95040141907cd45bb53cf7c1c148-le64.cache-6
7fbd64047000-7fbd64059000 r--s 00000000 08:01 394635                     /var/cache/fontconfig/9b89f8e3dae116d678bbf48e5f21f69b-le64.cache-6
7fbd64083000-7fbd64087000 rw-s 00000000 00:05 24674318                   /SYSV00000000 (deleted)
7fbd64087000-7fbd64088000 r--s 00000000 08:01 396852                     /var/cache/fontconfig/30829fa25452a46451e813d634d7f916-le64.cache-6
7fbd64088000-7fbd64089000 r--s 00000000 08:01 396851                     /var/cache/fontconfig/0c9eb80ebd1c36541ebe2852d3bb0c49-le64.cache-6
7fbd64089000-7fbd6408d000 r--s 00000000 08:01 396809                     /var/cache/fontconfig/7ef2298fde41cc6eeb7af42e48b7d293-le64.cache-6
7fbd6408d000-7fbd64092000 r--s 000a0000 08:01 323537                     /usr/lib/jvm/java-8-openjdk-amd64/jre/lib/jsse.jar
7fbd64092000-7fbd640a5000 r--s 00346000 08:01 323536                     /usr/lib/jvm/java-8-openjdk-amd64/jre/lib/resources.jar
7fbd640a5000-7fbd640fa000 r-xp 00000000 08:01 323511                     /usr/lib/jvm/java-8-openjdk-amd64/jre/lib/amd64/libawt_xawt.so
7fbd640fa000-7fbd642f9000 ---p 00055000 08:01 323511                     /usr/lib/jvm/java-8-openjdk-amd64/jre/lib/amd64/libawt_xawt.so
7fbd642f9000-7fbd642fa000 r--p 00054000 08:01 323511                     /usr/lib/jvm/java-8-openjdk-amd64/jre/lib/amd64/libawt_xawt.so
7fbd642fa000-7fbd642fd000 rw-p 00055000 08:01 323511                     /usr/lib/jvm/java-8-openjdk-amd64/jre/lib/amd64/libawt_xawt.so
7fbd642fd000-7fbd642fe000 rw-p 00000000 00:00 0 
7fbd642fe000-7fbd6439e000 r-xp 00000000 08:01 323501                     /usr/lib/jvm/java-8-openjdk-amd64/jre/lib/amd64/libawt.so
7fbd6439e000-7fbd6459e000 ---p 000a0000 08:01 323501                     /usr/lib/jvm/java-8-openjdk-amd64/jre/lib/amd64/libawt.so
7fbd6459e000-7fbd6459f000 r--p 000a0000 08:01 323501                     /usr/lib/jvm/java-8-openjdk-amd64/jre/lib/amd64/libawt.so
7fbd6459f000-7fbd645aa000 rw-p 000a1000 08:01 323501                     /usr/lib/jvm/java-8-openjdk-amd64/jre/lib/amd64/libawt.so
7fbd645aa000-7fbd645cf000 rw-p 00000000 00:00 0 
7fbd645cf000-7fbd645d4000 r--s 002f9000 08:01 323470                     /usr/lib/jvm/java-8-openjdk-amd64/jre/lib/charsets.jar
7fbd645d4000-7fbd645ef000 r--s 001d6000 08:01 323480                     /usr/lib/jvm/java-8-openjdk-amd64/jre/lib/ext/nashorn.jar
7fbd645ef000-7fbd6460a000 r--s 00394000 08:01 323486                     /usr/lib/jvm/java-8-openjdk-amd64/jre/lib/ext/cldrdata.jar
7fbd6460a000-7fbd6460b000 ---p 00000000 00:00 0 
7fbd6460b000-7fbd6470b000 rw-p 00000000 00:00 0 
7fbd6470b000-7fbd6470e000 ---p 00000000 00:00 0 
7fbd6470e000-7fbd6480c000 rw-p 00000000 00:00 0 
7fbd6480c000-7fbd6480f000 ---p 00000000 00:00 0 
7fbd6480f000-7fbd6490d000 rw-p 00000000 00:00 0 
7fbd6490d000-7fbd64910000 ---p 00000000 00:00 0 
7fbd64910000-7fbd64a0e000 rw-p 00000000 00:00 0 
7fbd64a0e000-7fbd64a11000 ---p 00000000 00:00 0 
7fbd64a11000-7fbd64b0f000 rw-p 00000000 00:00 0 
7fbd64b0f000-7fbd64de7000 r--p 00000000 08:01 1672                       /usr/lib/locale/locale-archive
7fbd64de7000-7fbd64dea000 ---p 00000000 00:00 0 
7fbd64dea000-7fbd64ee8000 rw-p 00000000 00:00 0 
7fbd64ee8000-7fbd64eeb000 ---p 00000000 00:00 0 
7fbd64eeb000-7fbd64fe9000 rw-p 00000000 00:00 0 
7fbd64fe9000-7fbd64fea000 ---p 00000000 00:00 0 
7fbd64fea000-7fbd65138000 rw-p 00000000 00:00 0 
7fbd65138000-7fbd65307000 r--s 03c33000 08:01 323499                     /usr/lib/jvm/java-8-openjdk-amd64/jre/lib/rt.jar
7fbd65307000-7fbd65bd8000 rw-p 00000000 00:00 0 
7fbd65bd8000-7fbd65bde000 rw-p 00000000 00:00 0 
7fbd65bde000-7fbd65c2b000 ---p 00000000 00:00 0 
7fbd65c2b000-7fbd65c38000 rw-p 00000000 00:00 0 
7fbd65c38000-7fbd65cd3000 ---p 00000000 00:00 0 
7fbd65cd3000-7fbd65cf0000 rw-p 00000000 00:00 0 
7fbd65cf0000-7fbd66094000 ---p 00000000 00:00 0 
7fbd66094000-7fbd6609c000 r-xp 00000000 08:01 323514                     /usr/lib/jvm/java-8-openjdk-amd64/jre/lib/amd64/libzip.so
7fbd6609c000-7fbd6629b000 ---p 00008000 08:01 323514                     /usr/lib/jvm/java-8-openjdk-amd64/jre/lib/amd64/libzip.so
7fbd6629b000-7fbd6629c000 r--p 00007000 08:01 323514                     /usr/lib/jvm/java-8-openjdk-amd64/jre/lib/amd64/libzip.so
7fbd6629c000-7fbd6629d000 rw-p 00008000 08:01 323514                     /usr/lib/jvm/java-8-openjdk-amd64/jre/lib/amd64/libzip.so
7fbd6629d000-7fbd662a8000 r-xp 00000000 08:01 169565                     /lib/x86_64-linux-gnu/libnss_files-2.23.so
7fbd662a8000-7fbd664a7000 ---p 0000b000 08:01 169565                     /lib/x86_64-linux-gnu/libnss_files-2.23.so
7fbd664a7000-7fbd664a8000 r--p 0000a000 08:01 169565                     /lib/x86_64-linux-gnu/libnss_files-2.23.so
7fbd664a8000-7fbd664a9000 rw-p 0000b000 08:01 169565                     /lib/x86_64-linux-gnu/libnss_files-2.23.so
7fbd664a9000-7fbd664af000 rw-p 00000000 00:00 0 
7fbd664af000-7fbd664ba000 r-xp 00000000 08:01 169569                     /lib/x86_64-linux-gnu/libnss_nis-2.23.so
7fbd664ba000-7fbd666b9000 ---p 0000b000 08:01 169569                     /lib/x86_64-linux-gnu/libnss_nis-2.23.so
7fbd666b9000-7fbd666ba000 r--p 0000a000 08:01 169569                     /lib/x86_64-linux-gnu/libnss_nis-2.23.so
7fbd666ba000-7fbd666bb000 rw-p 0000b000 08:01 169569                     /lib/x86_64-linux-gnu/libnss_nis-2.23.so
7fbd666bb000-7fbd666d1000 r-xp 00000000 08:01 169548                     /lib/x86_64-linux-gnu/libnsl-2.23.so
7fbd666d1000-7fbd668d0000 ---p 00016000 08:01 169548                     /lib/x86_64-linux-gnu/libnsl-2.23.so
7fbd668d0000-7fbd668d1000 r--p 00015000 08:01 169548                     /lib/x86_64-linux-gnu/libnsl-2.23.so
7fbd668d1000-7fbd668d2000 rw-p 00016000 08:01 169548                     /lib/x86_64-linux-gnu/libnsl-2.23.so
7fbd668d2000-7fbd668d4000 rw-p 00000000 00:00 0 
7fbd668d4000-7fbd668dc000 r-xp 00000000 08:01 169560                     /lib/x86_64-linux-gnu/libnss_compat-2.23.so
7fbd668dc000-7fbd66adb000 ---p 00008000 08:01 169560                     /lib/x86_64-linux-gnu/libnss_compat-2.23.so
7fbd66adb000-7fbd66adc000 r--p 00007000 08:01 169560                     /lib/x86_64-linux-gnu/libnss_compat-2.23.so
7fbd66adc000-7fbd66add000 rw-p 00008000 08:01 169560                     /lib/x86_64-linux-gnu/libnss_compat-2.23.so
7fbd66add000-7fbd66b0a000 r-xp 00000000 08:01 323518                     /usr/lib/jvm/java-8-openjdk-amd64/jre/lib/amd64/libjava.so
7fbd66b0a000-7fbd66d09000 ---p 0002d000 08:01 323518                     /usr/lib/jvm/java-8-openjdk-amd64/jre/lib/amd64/libjava.so
7fbd66d09000-7fbd66d0a000 r--p 0002c000 08:01 323518                     /usr/lib/jvm/java-8-openjdk-amd64/jre/lib/amd64/libjava.so
7fbd66d0a000-7fbd66d0c000 rw-p 0002d000 08:01 323518                     /usr/lib/jvm/java-8-openjdk-amd64/jre/lib/amd64/libjava.so
7fbd66d0c000-7fbd66d1b000 r-xp 00000000 08:01 323522                     /usr/lib/jvm/java-8-openjdk-amd64/jre/lib/amd64/libverify.so
7fbd66d1b000-7fbd66f1a000 ---p 0000f000 08:01 323522                     /usr/lib/jvm/java-8-openjdk-amd64/jre/lib/amd64/libverify.so
7fbd66f1a000-7fbd66f1c000 r--p 0000e000 08:01 323522                     /usr/lib/jvm/java-8-openjdk-amd64/jre/lib/amd64/libverify.so
7fbd66f1c000-7fbd66f1d000 rw-p 00010000 08:01 323522                     /usr/lib/jvm/java-8-openjdk-amd64/jre/lib/amd64/libverify.so
7fbd66f1d000-7fbd66f24000 r-xp 00000000 08:01 169570                     /lib/x86_64-linux-gnu/librt-2.23.so
7fbd66f24000-7fbd67123000 ---p 00007000 08:01 169570                     /lib/x86_64-linux-gnu/librt-2.23.so
7fbd67123000-7fbd67124000 r--p 00006000 08:01 169570                     /lib/x86_64-linux-gnu/librt-2.23.so
7fbd67124000-7fbd67125000 rw-p 00007000 08:01 169570                     /lib/x86_64-linux-gnu/librt-2.23.so
7fbd67125000-7fbd6713b000 r-xp 00000000 08:01 137059                     /lib/x86_64-linux-gnu/libgcc_s.so.1
7fbd6713b000-7fbd6733a000 ---p 00016000 08:01 137059                     /lib/x86_64-linux-gnu/libgcc_s.so.1
7fbd6733a000-7fbd6733b000 rw-p 00015000 08:01 137059                     /lib/x86_64-linux-gnu/libgcc_s.so.1
7fbd6733b000-7fbd67443000 r-xp 00000000 08:01 169547                     /lib/x86_64-linux-gnu/libm-2.23.so
7fbd67443000-7fbd67642000 ---p 00108000 08:01 169547                     /lib/x86_64-linux-gnu/libm-2.23.so
7fbd67642000-7fbd67643000 r--p 00107000 08:01 169547                     /lib/x86_64-linux-gnu/libm-2.23.so
7fbd67643000-7fbd67644000 rw-p 00108000 08:01 169547                     /lib/x86_64-linux-gnu/libm-2.23.so
7fbd67644000-7fbd677b6000 r-xp 00000000 08:01 2211                       /usr/lib/x86_64-linux-gnu/libstdc++.so.6.0.21
7fbd677b6000-7fbd679b6000 ---p 00172000 08:01 2211                       /usr/lib/x86_64-linux-gnu/libstdc++.so.6.0.21
7fbd679b6000-7fbd679c0000 r--p 00172000 08:01 2211                       /usr/lib/x86_64-linux-gnu/libstdc++.so.6.0.21
7fbd679c0000-7fbd679c2000 rw-p 0017c000 08:01 2211                       /usr/lib/x86_64-linux-gnu/libstdc++.so.6.0.21
7fbd679c2000-7fbd679c6000 rw-p 00000000 00:00 0 
7fbd679c6000-7fbd68627000 r-xp 00000000 08:01 323527                     /usr/lib/jvm/java-8-openjdk-amd64/jre/lib/amd64/server/libjvm.so
7fbd68627000-7fbd68827000 ---p 00c61000 08:01 323527                     /usr/lib/jvm/java-8-openjdk-amd64/jre/lib/amd64/server/libjvm.so
7fbd68827000-7fbd688bb000 r--p 00c61000 08:01 323527                     /usr/lib/jvm/java-8-openjdk-amd64/jre/lib/amd64/server/libjvm.so
7fbd688bb000-7fbd688e4000 rw-p 00cf5000 08:01 323527                     /usr/lib/jvm/java-8-openjdk-amd64/jre/lib/amd64/server/libjvm.so
7fbd688e4000-7fbd68914000 rw-p 00000000 00:00 0 
7fbd68914000-7fbd6892c000 r-xp 00000000 08:01 169551                     /lib/x86_64-linux-gnu/libpthread-2.23.so
7fbd6892c000-7fbd68b2b000 ---p 00018000 08:01 169551                     /lib/x86_64-linux-gnu/libpthread-2.23.so
7fbd68b2b000-7fbd68b2c000 r--p 00017000 08:01 169551                     /lib/x86_64-linux-gnu/libpthread-2.23.so
7fbd68b2c000-7fbd68b2d000 rw-p 00018000 08:01 169551                     /lib/x86_64-linux-gnu/libpthread-2.23.so
7fbd68b2d000-7fbd68b31000 rw-p 00000000 00:00 0 
7fbd68b31000-7fbd68b34000 r-xp 00000000 08:01 169554                     /lib/x86_64-linux-gnu/libdl-2.23.so
7fbd68b34000-7fbd68d33000 ---p 00003000 08:01 169554                     /lib/x86_64-linux-gnu/libdl-2.23.so
7fbd68d33000-7fbd68d34000 r--p 00002000 08:01 169554                     /lib/x86_64-linux-gnu/libdl-2.23.so
7fbd68d34000-7fbd68d35000 rw-p 00003000 08:01 169554                     /lib/x86_64-linux-gnu/libdl-2.23.so
7fbd68d35000-7fbd68d4e000 r-xp 00000000 08:01 137212                     /lib/x86_64-linux-gnu/libz.so.1.2.8
7fbd68d4e000-7fbd68f4d000 ---p 00019000 08:01 137212                     /lib/x86_64-linux-gnu/libz.so.1.2.8
7fbd68f4d000-7fbd68f4e000 r--p 00018000 08:01 137212                     /lib/x86_64-linux-gnu/libz.so.1.2.8
7fbd68f4e000-7fbd68f4f000 rw-p 00019000 08:01 137212                     /lib/x86_64-linux-gnu/libz.so.1.2.8
7fbd68f4f000-7fbd6910f000 r-xp 00000000 08:01 169552                     /lib/x86_64-linux-gnu/libc-2.23.so
7fbd6910f000-7fbd6930f000 ---p 001c0000 08:01 169552                     /lib/x86_64-linux-gnu/libc-2.23.so
7fbd6930f000-7fbd69313000 r--p 001c0000 08:01 169552                     /lib/x86_64-linux-gnu/libc-2.23.so
7fbd69313000-7fbd69315000 rw-p 001c4000 08:01 169552                     /lib/x86_64-linux-gnu/libc-2.23.so
7fbd69315000-7fbd69319000 rw-p 00000000 00:00 0 
7fbd69319000-7fbd69326000 r-xp 00000000 08:01 323519                     /usr/lib/jvm/java-8-openjdk-amd64/jre/lib/amd64/jli/libjli.so
7fbd69326000-7fbd69526000 ---p 0000d000 08:01 323519                     /usr/lib/jvm/java-8-openjdk-amd64/jre/lib/amd64/jli/libjli.so
7fbd69526000-7fbd69527000 r--p 0000d000 08:01 323519                     /usr/lib/jvm/java-8-openjdk-amd64/jre/lib/amd64/jli/libjli.so
7fbd69527000-7fbd69528000 rw-p 0000e000 08:01 323519                     /usr/lib/jvm/java-8-openjdk-amd64/jre/lib/amd64/jli/libjli.so
7fbd69528000-7fbd6954e000 r-xp 00000000 08:01 169549                     /lib/x86_64-linux-gnu/ld-2.23.so
7fbd6954e000-7fbd69551000 r--s 00000000 08:01 396671                     /var/cache/fontconfig/e13b20fdb08344e0e664864cc2ede53d-le64.cache-6
7fbd69551000-7fbd69552000 r--s 00010000 08:01 323483                     /usr/lib/jvm/java-8-openjdk-amd64/jre/lib/ext/zipfs.jar
7fbd69552000-7fbd69553000 r--s 0000a000 08:01 323485                     /usr/lib/jvm/java-8-openjdk-amd64/jre/lib/ext/jaccess.jar
7fbd69553000-7fbd69559000 r--s 0003b000 08:01 323487                     /usr/lib/jvm/java-8-openjdk-amd64/jre/lib/ext/sunjce_provider.jar
7fbd69559000-7fbd6955c000 r--s 0000f000 08:01 323488                     /usr/lib/jvm/java-8-openjdk-amd64/jre/lib/ext/icedtea-sound.jar
7fbd6955c000-7fbd6955e000 r--s 00001000 08:01 323484                     /usr/lib/jvm/java-8-openjdk-amd64/jre/lib/ext/dnsns.jar
7fbd6955e000-7fbd69592000 rw-p 00000000 00:00 0 
7fbd69592000-7fbd6962e000 ---p 00000000 00:00 0 
7fbd6962e000-7fbd69631000 ---p 00000000 00:00 0 
7fbd69631000-7fbd69733000 rw-p 00000000 00:00 0 
7fbd69733000-7fbd69735000 r--s 00008000 08:01 323482                     /usr/lib/jvm/java-8-openjdk-amd64/jre/lib/ext/sunec.jar
7fbd69735000-7fbd69738000 r--s 00038000 08:01 323481                     /usr/lib/jvm/java-8-openjdk-amd64/jre/lib/ext/sunpkcs11.jar
7fbd69738000-7fbd69742000 r--s 00116000 08:01 323489                     /usr/lib/jvm/java-8-openjdk-amd64/jre/lib/ext/localedata.jar
7fbd69742000-7fbd6974a000 rw-s 00000000 08:01 132136                     /tmp/hsperfdata_ubuntu/4740
7fbd6974a000-7fbd6974b000 rw-p 00000000 00:00 0 
7fbd6974b000-7fbd6974c000 ---p 00000000 00:00 0 
7fbd6974c000-7fbd6974d000 rw-p 00000000 00:00 0 
7fbd6974d000-7fbd6974e000 r--p 00025000 08:01 169549                     /lib/x86_64-linux-gnu/ld-2.23.so
7fbd6974e000-7fbd6974f000 rw-p 00026000 08:01 169549                     /lib/x86_64-linux-gnu/ld-2.23.so
7fbd6974f000-7fbd69750000 rw-p 00000000 00:00 0 
7ffe70d63000-7ffe70d84000 rw-p 00000000 00:00 0                          [stack]
7ffe70dad000-7ffe70daf000 r--p 00000000 00:00 0                          [vvar]
7ffe70daf000-7ffe70db1000 r-xp 00000000 00:00 0                          [vdso]
ffffffffff600000-ffffffffff601000 r-xp 00000000 00:00 0                  [vsyscall]

VM Arguments:
java_command: Home
java_class_path (initial): .
Launcher Type: SUN_STANDARD

Environment Variables:
PATH=/home/ubuntu/bin:/home/ubuntu/.local/bin:/usr/local/sbin:/usr/local/bin:/usr/sbin:/usr/bin:/sbin:/bin:/usr/games:/usr/local/games:/snap/bin
SHELL=/bin/bash
DISPLAY=:0

Signal Handlers:
SIGSEGV: [libjvm.so+0xa74ca0], sa_mask[0]=11111111011111111101111111111110, sa_flags=SA_RESTART|SA_SIGINFO
SIGBUS: [libjvm.so+0xa74ca0], sa_mask[0]=11111111011111111101111111111110, sa_flags=SA_RESTART|SA_SIGINFO
SIGFPE: [libjvm.so+0x8bbcf0], sa_mask[0]=11111111011111111101111111111110, sa_flags=SA_RESTART|SA_SIGINFO
SIGPIPE: [libjvm.so+0x8bbcf0], sa_mask[0]=11111111011111111101111111111110, sa_flags=SA_RESTART|SA_SIGINFO
SIGXFSZ: [libjvm.so+0x8bbcf0], sa_mask[0]=11111111011111111101111111111110, sa_flags=SA_RESTART|SA_SIGINFO
SIGILL: [libjvm.so+0x8bbcf0], sa_mask[0]=11111111011111111101111111111110, sa_flags=SA_RESTART|SA_SIGINFO
SIGUSR1: SIG_DFL, sa_mask[0]=00000000000000000000000000000000, sa_flags=none
SIGUSR2: [libjvm.so+0x8bbba0], sa_mask[0]=00000000000000000000000000000000, sa_flags=SA_RESTART|SA_SIGINFO
SIGHUP: [libjvm.so+0x8bc230], sa_mask[0]=11111111011111111101111111111110, sa_flags=SA_RESTART|SA_SIGINFO
SIGINT: [libjvm.so+0x8bc230], sa_mask[0]=11111111011111111101111111111110, sa_flags=SA_RESTART|SA_SIGINFO
SIGTERM: [libjvm.so+0x8bc230], sa_mask[0]=11111111011111111101111111111110, sa_flags=SA_RESTART|SA_SIGINFO
SIGQUIT: [libjvm.so+0x8bc230], sa_mask[0]=11111111011111111101111111111110, sa_flags=SA_RESTART|SA_SIGINFO


---------------  S Y S T E M  ---------------

OS:DISTRIB_ID=Ubuntu
DISTRIB_RELEASE=16.04
DISTRIB_CODENAME=xenial
DISTRIB_DESCRIPTION="Ubuntu 16.04.1 LTS"

uname:Linux 4.4.0-31-generic #50-Ubuntu SMP Wed Jul 13 00:07:12 UTC 2016 x86_64
libc:glibc 2.23 NPTL 2.23 
rlimit: STACK 8192k, CORE 0k, NPROC 7838, NOFILE 1048576, AS infinity
load average:3.35 2.46 1.90

/proc/meminfo:
MemTotal:        2048464 kB
MemFree:           53416 kB
MemAvailable:          0 kB
Buffers:            1356 kB
Cached:            26828 kB
SwapCached:          224 kB
Active:          1417304 kB
Inactive:         481992 kB
Active(anon):    1406432 kB
Inactive(anon):   473304 kB
Active(file):      10872 kB
Inactive(file):     8688 kB
Unevictable:          32 kB
Mlocked:              32 kB
SwapTotal:       1046524 kB
SwapFree:              0 kB
Dirty:                16 kB
Writeback:             0 kB
AnonPages:       1871108 kB
Mapped:            17372 kB
Shmem:              8484 kB
Slab:              40204 kB
SReclaimable:      18720 kB
SUnreclaim:        21484 kB
KernelStack:        7168 kB
PageTables:        31924 kB
NFS_Unstable:          0 kB
Bounce:                0 kB
WritebackTmp:          0 kB
CommitLimit:     2070756 kB
Committed_AS:    5620312 kB
VmallocTotal:   34359738367 kB
VmallocUsed:           0 kB
VmallocChunk:          0 kB
HardwareCorrupted:     0 kB
AnonHugePages:    458752 kB
CmaTotal:              0 kB
CmaFree:               0 kB
HugePages_Total:       0
HugePages_Free:        0
HugePages_Rsvd:        0
HugePages_Surp:        0
Hugepagesize:       2048 kB
DirectMap4k:       75712 kB
DirectMap2M:     2021376 kB

container (cgroup) information:
container_type: cgroupv1
cpu_cpuset_cpus: 0
cpu_memory_nodes: 0
active_processor_count: 1
cpu_quota: -1
cpu_period: 100000
cpu_shares: -1
memory_limit_in_bytes: -1
memory_and_swap_limit_in_bytes: -2
memory_soft_limit_in_bytes: -1
memory_usage_in_bytes: 1945305088
memory_max_usage_in_bytes: 0


CPU:total 1 (initial active 1) (1 cores per cpu, 1 threads per core) family 6 model 142 stepping 10, cmov, cx8, fxsr, mmx, sse, sse2, sse3, ssse3, sse4.1, sse4.2, popcnt, avx, avx2, aes, clmul, 3dnowpref, lzcnt, tsc, tscinvbit

/proc/cpuinfo:
processor	: 0
vendor_id	: GenuineIntel
cpu family	: 6
model		: 142
model name	: Intel(R) Core(TM) i5-8250U CPU @ 1.60GHz
stepping	: 10
cpu MHz		: 1799.999
cache size	: 6144 KB
physical id	: 0
siblings	: 1
core id		: 0
cpu cores	: 1
apicid		: 0
initial apicid	: 0
fpu		: yes
fpu_exception	: yes
cpuid level	: 22
wp		: yes
flags		: fpu vme de pse tsc msr pae mce cx8 apic sep mtrr pge mca cmov pat pse36 clflush mmx fxsr sse sse2 ht syscall nx rdtscp lm constant_tsc rep_good nopl xtopology nonstop_tsc pni pclmulqdq monitor ssse3 cx16 pcid sse4_1 sse4_2 x2apic movbe popcnt aes xsave avx rdrand hypervisor lahf_lm abm 3dnowprefetch fsgsbase avx2 invpcid rdseed clflushopt
bugs		:
bogomips	: 3599.99
clflush size	: 64
cache_alignment	: 64
address sizes	: 39 bits physical, 48 bits virtual
power management:



Memory: 4k page, physical 2048464k(53168k free), swap 1046524k(0k free)

vm_info: OpenJDK 64-Bit Server VM (25.191-b12) for linux-amd64 JRE (1.8.0_191-8u191-b12-2ubuntu0.16.04.1-b12), built on Jan 14 2019 21:59:52 by "buildd" with gcc 5.4.0 20160609

time: Thu Apr 25 18:07:06 2019
elapsed time: 58 seconds (0d 0h 0m 58s)

